2025-01-14 17:57:28,990 [INFO ] algorithm - Starting genetic algorithm with 200 generations
2025-01-14 17:57:28,990 [DEBUG] algorithm - Prepared lessons count: 7
2025-01-14 17:57:28,994 [INFO ] algorithm - Data preparation complete.
2025-01-14 17:57:28,997 [INFO ] algorithm - Running genetic algorithm...
2025-01-14 17:57:29,029 [INFO ] algorithm - Generation 1 with Fitness -2
2025-01-14 17:57:29,029 [INFO ] algorithm - Core Constraints conflicts: {'employee_conflicts': 0, 'student_conflicts': 0, 'room_capacity': 0, 'room_type': 2}
2025-01-14 17:57:29,052 [INFO ] algorithm - Generation 2 with Fitness -2
2025-01-14 17:57:29,053 [INFO ] algorithm - Core Constraints conflicts: {'employee_conflicts': 0, 'student_conflicts': 0, 'room_capacity': 0, 'room_type': 2}
2025-01-14 17:57:29,072 [INFO ] algorithm - Generation 3 with Fitness -2
2025-01-14 17:57:29,072 [INFO ] algorithm - Core Constraints conflicts: {'employee_conflicts': 0, 'student_conflicts': 0, 'room_capacity': 1, 'room_type': 1}
2025-01-14 17:57:29,091 [INFO ] algorithm - Generation 4 with Fitness -2
2025-01-14 17:57:29,091 [INFO ] algorithm - Core Constraints conflicts: {'employee_conflicts': 0, 'student_conflicts': 0, 'room_capacity': 0, 'room_type': 2}
2025-01-14 17:57:29,110 [INFO ] algorithm - Generation 5 with Fitness -2
2025-01-14 17:57:29,110 [INFO ] algorithm - Core Constraints conflicts: {'employee_conflicts': 0, 'student_conflicts': 0, 'room_capacity': 0, 'room_type': 2}
2025-01-14 17:57:29,127 [INFO ] algorithm - Generation 6 with Fitness -2
2025-01-14 17:57:29,127 [INFO ] algorithm - Core Constraints conflicts: {'employee_conflicts': 0, 'student_conflicts': 0, 'room_capacity': 1, 'room_type': 1}
2025-01-14 17:57:29,143 [INFO ] algorithm - Generation 7 with Fitness -2
2025-01-14 17:57:29,143 [INFO ] algorithm - Core Constraints conflicts: {'employee_conflicts': 0, 'student_conflicts': 0, 'room_capacity': 1, 'room_type': 1}
2025-01-14 17:57:29,162 [INFO ] algorithm - Generation 8 with Fitness -2
2025-01-14 17:57:29,162 [INFO ] algorithm - Core Constraints conflicts: {'employee_conflicts': 0, 'student_conflicts': 0, 'room_capacity': 1, 'room_type': 1}
2025-01-14 17:57:29,180 [INFO ] algorithm - Generation 9 with Fitness -2
2025-01-14 17:57:29,180 [INFO ] algorithm - Core Constraints conflicts: {'employee_conflicts': 0, 'student_conflicts': 0, 'room_capacity': 1, 'room_type': 1}
2025-01-14 17:57:29,197 [INFO ] algorithm - Generation 10 with Fitness -2
2025-01-14 17:57:29,197 [INFO ] algorithm - Core Constraints conflicts: {'employee_conflicts': 0, 'student_conflicts': 0, 'room_capacity': 1, 'room_type': 1}
2025-01-14 17:57:29,214 [INFO ] algorithm - Generation 11 with Fitness -2
2025-01-14 17:57:29,215 [INFO ] algorithm - Core Constraints conflicts: {'employee_conflicts': 0, 'student_conflicts': 0, 'room_capacity': 1, 'room_type': 1}
2025-01-14 17:57:29,229 [INFO ] algorithm - Generation 12 with Fitness -2
2025-01-14 17:57:29,229 [INFO ] algorithm - Core Constraints conflicts: {'employee_conflicts': 0, 'student_conflicts': 0, 'room_capacity': 1, 'room_type': 1}
2025-01-14 17:57:29,244 [INFO ] algorithm - Generation 13 with Fitness -2
2025-01-14 17:57:29,244 [INFO ] algorithm - Core Constraints conflicts: {'employee_conflicts': 0, 'student_conflicts': 0, 'room_capacity': 1, 'room_type': 1}
2025-01-14 17:57:29,259 [INFO ] algorithm - Generation 14 with Fitness -2
2025-01-14 17:57:29,259 [INFO ] algorithm - Core Constraints conflicts: {'employee_conflicts': 0, 'student_conflicts': 0, 'room_capacity': 1, 'room_type': 1}
2025-01-14 17:57:29,274 [INFO ] algorithm - Generation 15 with Fitness -2
2025-01-14 17:57:29,274 [INFO ] algorithm - Core Constraints conflicts: {'employee_conflicts': 0, 'student_conflicts': 0, 'room_capacity': 1, 'room_type': 1}
2025-01-14 17:57:29,288 [INFO ] algorithm - Generation 16 with Fitness -2
2025-01-14 17:57:29,288 [INFO ] algorithm - Core Constraints conflicts: {'employee_conflicts': 0, 'student_conflicts': 0, 'room_capacity': 1, 'room_type': 1}
2025-01-14 17:57:29,301 [INFO ] algorithm - Generation 17 with Fitness -2
2025-01-14 17:57:29,301 [INFO ] algorithm - Core Constraints conflicts: {'employee_conflicts': 0, 'student_conflicts': 0, 'room_capacity': 1, 'room_type': 1}
2025-01-14 17:57:29,316 [INFO ] algorithm - Generation 18 with Fitness -2
2025-01-14 17:57:29,317 [INFO ] algorithm - Core Constraints conflicts: {'employee_conflicts': 0, 'student_conflicts': 0, 'room_capacity': 1, 'room_type': 1}
2025-01-14 17:57:29,331 [INFO ] algorithm - Generation 19 with Fitness -2
2025-01-14 17:57:29,331 [INFO ] algorithm - Core Constraints conflicts: {'employee_conflicts': 0, 'student_conflicts': 0, 'room_capacity': 1, 'room_type': 1}
2025-01-14 17:57:29,345 [INFO ] algorithm - Generation 20 with Fitness -2
2025-01-14 17:57:29,345 [INFO ] algorithm - Core Constraints conflicts: {'employee_conflicts': 0, 'student_conflicts': 0, 'room_capacity': 1, 'room_type': 1}
2025-01-14 17:57:29,360 [INFO ] algorithm - Generation 21 with Fitness -2
2025-01-14 17:57:29,361 [INFO ] algorithm - Core Constraints conflicts: {'employee_conflicts': 0, 'student_conflicts': 0, 'room_capacity': 1, 'room_type': 1}
2025-01-14 17:57:29,376 [INFO ] algorithm - Generation 22 with Fitness -2
2025-01-14 17:57:29,376 [INFO ] algorithm - Core Constraints conflicts: {'employee_conflicts': 0, 'student_conflicts': 0, 'room_capacity': 1, 'room_type': 1}
2025-01-14 17:57:29,390 [INFO ] algorithm - Generation 23 with Fitness -2
2025-01-14 17:57:29,390 [INFO ] algorithm - Core Constraints conflicts: {'employee_conflicts': 0, 'student_conflicts': 0, 'room_capacity': 1, 'room_type': 1}
2025-01-14 17:57:29,403 [INFO ] algorithm - Generation 24 with Fitness -2
2025-01-14 17:57:29,404 [INFO ] algorithm - Core Constraints conflicts: {'employee_conflicts': 0, 'student_conflicts': 0, 'room_capacity': 1, 'room_type': 1}
2025-01-14 17:57:29,418 [INFO ] algorithm - Generation 25 with Fitness -1
2025-01-14 17:57:29,418 [INFO ] algorithm - Core Constraints conflicts: {'employee_conflicts': 0, 'student_conflicts': 0, 'room_capacity': 0, 'room_type': 1}
2025-01-14 17:57:29,437 [INFO ] algorithm - Generation 26 with Fitness -1
2025-01-14 17:57:29,437 [INFO ] algorithm - Core Constraints conflicts: {'employee_conflicts': 0, 'student_conflicts': 0, 'room_capacity': 0, 'room_type': 1}
2025-01-14 17:57:29,451 [INFO ] algorithm - Generation 27 with Fitness -1
2025-01-14 17:57:29,452 [INFO ] algorithm - Core Constraints conflicts: {'employee_conflicts': 0, 'student_conflicts': 0, 'room_capacity': 0, 'room_type': 1}
2025-01-14 17:57:29,466 [INFO ] algorithm - Generation 28 with Fitness -1
2025-01-14 17:57:29,466 [INFO ] algorithm - Core Constraints conflicts: {'employee_conflicts': 0, 'student_conflicts': 0, 'room_capacity': 0, 'room_type': 1}
2025-01-14 17:57:29,480 [INFO ] algorithm - Generation 29 with Fitness -1
2025-01-14 17:57:29,480 [INFO ] algorithm - Core Constraints conflicts: {'employee_conflicts': 0, 'student_conflicts': 0, 'room_capacity': 0, 'room_type': 1}
2025-01-14 17:57:29,494 [INFO ] algorithm - Generation 30 with Fitness -1
2025-01-14 17:57:29,494 [INFO ] algorithm - Core Constraints conflicts: {'employee_conflicts': 0, 'student_conflicts': 0, 'room_capacity': 0, 'room_type': 1}
2025-01-14 17:57:29,508 [INFO ] algorithm - Generation 31 with Fitness -1
2025-01-14 17:57:29,508 [INFO ] algorithm - Core Constraints conflicts: {'employee_conflicts': 0, 'student_conflicts': 0, 'room_capacity': 0, 'room_type': 1}
2025-01-14 17:57:29,522 [INFO ] algorithm - Generation 32 with Fitness -1
2025-01-14 17:57:29,522 [INFO ] algorithm - Core Constraints conflicts: {'employee_conflicts': 0, 'student_conflicts': 0, 'room_capacity': 0, 'room_type': 1}
2025-01-14 17:57:29,538 [INFO ] algorithm - Generation 33 with Fitness -1
2025-01-14 17:57:29,538 [INFO ] algorithm - Core Constraints conflicts: {'employee_conflicts': 0, 'student_conflicts': 0, 'room_capacity': 0, 'room_type': 1}
2025-01-14 17:57:29,568 [INFO ] algorithm - Generation 34 with Fitness -1
2025-01-14 17:57:29,568 [INFO ] algorithm - Core Constraints conflicts: {'employee_conflicts': 0, 'student_conflicts': 0, 'room_capacity': 0, 'room_type': 1}
2025-01-14 17:57:29,594 [INFO ] algorithm - Generation 35 with Fitness -1
2025-01-14 17:57:29,594 [INFO ] algorithm - Core Constraints conflicts: {'employee_conflicts': 0, 'student_conflicts': 0, 'room_capacity': 0, 'room_type': 1}
2025-01-14 17:57:29,620 [INFO ] algorithm - Generation 36 with Fitness -1
2025-01-14 17:57:29,620 [INFO ] algorithm - Core Constraints conflicts: {'employee_conflicts': 0, 'student_conflicts': 0, 'room_capacity': 0, 'room_type': 1}
2025-01-14 17:57:29,646 [INFO ] algorithm - Generation 37 with Fitness -1
2025-01-14 17:57:29,647 [INFO ] algorithm - Core Constraints conflicts: {'employee_conflicts': 0, 'student_conflicts': 0, 'room_capacity': 0, 'room_type': 1}
2025-01-14 17:57:29,673 [INFO ] algorithm - Generation 38 with Fitness -1
2025-01-14 17:57:29,673 [INFO ] algorithm - Core Constraints conflicts: {'employee_conflicts': 0, 'student_conflicts': 0, 'room_capacity': 0, 'room_type': 1}
2025-01-14 17:57:29,700 [INFO ] algorithm - Generation 39 with Fitness -1
2025-01-14 17:57:29,700 [INFO ] algorithm - Core Constraints conflicts: {'employee_conflicts': 0, 'student_conflicts': 0, 'room_capacity': 0, 'room_type': 1}
2025-01-14 17:57:29,725 [INFO ] algorithm - Generation 40 with Fitness -1
2025-01-14 17:57:29,725 [INFO ] algorithm - Core Constraints conflicts: {'employee_conflicts': 0, 'student_conflicts': 0, 'room_capacity': 0, 'room_type': 1}
2025-01-14 17:57:29,751 [INFO ] algorithm - Generation 41 with Fitness -1
2025-01-14 17:57:29,751 [INFO ] algorithm - Core Constraints conflicts: {'employee_conflicts': 0, 'student_conflicts': 0, 'room_capacity': 0, 'room_type': 1}
2025-01-14 17:57:29,779 [INFO ] algorithm - Generation 42 with Fitness -1
2025-01-14 17:57:29,780 [INFO ] algorithm - Core Constraints conflicts: {'employee_conflicts': 0, 'student_conflicts': 0, 'room_capacity': 0, 'room_type': 1}
2025-01-14 17:57:29,809 [INFO ] algorithm - Generation 43 with Fitness -1
2025-01-14 17:57:29,809 [INFO ] algorithm - Core Constraints conflicts: {'employee_conflicts': 0, 'student_conflicts': 0, 'room_capacity': 0, 'room_type': 1}
2025-01-14 17:57:29,840 [INFO ] algorithm - Generation 44 with Fitness -1
2025-01-14 17:57:29,840 [INFO ] algorithm - Core Constraints conflicts: {'employee_conflicts': 0, 'student_conflicts': 0, 'room_capacity': 0, 'room_type': 1}
2025-01-14 17:57:29,865 [INFO ] algorithm - Generation 45 with Fitness -1
2025-01-14 17:57:29,865 [INFO ] algorithm - Core Constraints conflicts: {'employee_conflicts': 0, 'student_conflicts': 0, 'room_capacity': 0, 'room_type': 1}
2025-01-14 17:57:29,890 [INFO ] algorithm - Generation 46 with Fitness -1
2025-01-14 17:57:29,891 [INFO ] algorithm - Core Constraints conflicts: {'employee_conflicts': 0, 'student_conflicts': 0, 'room_capacity': 0, 'room_type': 1}
2025-01-14 17:57:29,916 [INFO ] algorithm - Generation 47 with Fitness -1
2025-01-14 17:57:29,916 [INFO ] algorithm - Core Constraints conflicts: {'employee_conflicts': 0, 'student_conflicts': 0, 'room_capacity': 0, 'room_type': 1}
2025-01-14 17:57:29,940 [INFO ] algorithm - Generation 48 with Fitness -1
2025-01-14 17:57:29,940 [INFO ] algorithm - Core Constraints conflicts: {'employee_conflicts': 0, 'student_conflicts': 0, 'room_capacity': 0, 'room_type': 1}
2025-01-14 17:57:29,964 [INFO ] algorithm - Generation 49 with Fitness -1
2025-01-14 17:57:29,965 [INFO ] algorithm - Core Constraints conflicts: {'employee_conflicts': 0, 'student_conflicts': 0, 'room_capacity': 0, 'room_type': 1}
2025-01-14 17:57:29,986 [INFO ] algorithm - Generation 50 with Fitness 0
2025-01-14 17:57:29,986 [INFO ] algorithm - Core Constraints conflicts: {'employee_conflicts': 0, 'student_conflicts': 0, 'room_capacity': 0, 'room_type': 0}
2025-01-14 17:57:29,988 [INFO ] algorithm - Genetic algorithm completed in 0.99 seconds
2025-01-14 17:57:29,990 [INFO ] algorithm - Best fitness: 0
